mode: count
github.com/surahman/mcq-platform/pkg/config/cassandra.go:32.44,34.2 1 0
github.com/surahman/mcq-platform/pkg/config/cassandra.go:37.59,48.44 9 0
github.com/surahman/mcq-platform/pkg/config/cassandra.go:52.2,52.44 1 0
github.com/surahman/mcq-platform/pkg/config/cassandra.go:56.2,56.53 1 0
github.com/surahman/mcq-platform/pkg/config/cassandra.go:60.2,60.12 1 0
github.com/surahman/mcq-platform/pkg/config/cassandra.go:48.44,50.3 1 0
github.com/surahman/mcq-platform/pkg/config/cassandra.go:52.44,54.3 1 0
github.com/surahman/mcq-platform/pkg/config/cassandra.go:56.53,58.3 1 0
github.com/surahman/mcq-platform/pkg/config/config.go:26.48,27.20 1 0
github.com/surahman/mcq-platform/pkg/config/config.go:28.17,29.35 1 0
github.com/surahman/mcq-platform/pkg/config/config.go:30.14,31.32 1 0
github.com/surahman/mcq-platform/pkg/config/config.go:32.10,33.57 1 0
github.com/surahman/mcq-platform/pkg/config/zap.go:42.35,44.2 1 0
github.com/surahman/mcq-platform/pkg/config/zap.go:47.53,56.56 8 0
github.com/surahman/mcq-platform/pkg/config/zap.go:59.2,59.64 1 0
github.com/surahman/mcq-platform/pkg/config/zap.go:63.2,63.44 1 0
github.com/surahman/mcq-platform/pkg/config/zap.go:67.2,67.44 1 0
github.com/surahman/mcq-platform/pkg/config/zap.go:71.2,71.53 1 0
github.com/surahman/mcq-platform/pkg/config/zap.go:75.2,75.8 1 0
github.com/surahman/mcq-platform/pkg/config/zap.go:56.56,58.3 1 0
github.com/surahman/mcq-platform/pkg/config/zap.go:59.64,61.3 1 0
github.com/surahman/mcq-platform/pkg/config/zap.go:63.44,65.3 1 0
github.com/surahman/mcq-platform/pkg/config/zap.go:67.44,69.3 1 0
github.com/surahman/mcq-platform/pkg/config/zap.go:71.53,73.3 1 0
github.com/surahman/mcq-platform/pkg/logger/logger.go:15.25,21.2 5 0
github.com/surahman/mcq-platform/pkg/logger/logger.go:33.2,33.34 1 0
github.com/surahman/mcq-platform/pkg/logger/logger.go:45.2,45.41 1 0
github.com/surahman/mcq-platform/pkg/logger/logger.go:56.2,56.113 1 0
github.com/surahman/mcq-platform/pkg/logger/logger.go:59.2,59.123 1 0
github.com/surahman/mcq-platform/pkg/logger/logger.go:63.2,64.73 2 0
github.com/surahman/mcq-platform/pkg/logger/logger.go:21.2,23.17 2 0
github.com/surahman/mcq-platform/pkg/logger/logger.go:26.3,27.38 2 0
github.com/surahman/mcq-platform/pkg/logger/logger.go:23.17,25.4 1 0
github.com/surahman/mcq-platform/pkg/logger/logger.go:27.38,29.4 1 0
github.com/surahman/mcq-platform/pkg/logger/logger.go:34.21,36.8 2 0
github.com/surahman/mcq-platform/pkg/logger/logger.go:37.20,39.8 2 0
github.com/surahman/mcq-platform/pkg/logger/logger.go:40.10,41.53 1 0
github.com/surahman/mcq-platform/pkg/logger/logger.go:46.21,48.8 2 0
github.com/surahman/mcq-platform/pkg/logger/logger.go:49.20,51.8 2 0
github.com/surahman/mcq-platform/pkg/logger/logger.go:52.10,53.61 1 0
github.com/surahman/mcq-platform/pkg/logger/logger.go:56.113,58.3 1 0
github.com/surahman/mcq-platform/pkg/logger/logger.go:59.123,61.3 1 0
github.com/surahman/mcq-platform/pkg/logger/logger.go:64.73,66.3 1 0
github.com/surahman/mcq-platform/pkg/logger/logger.go:70.48,72.2 1 0
github.com/surahman/mcq-platform/pkg/logger/logger.go:75.49,77.2 1 0
github.com/surahman/mcq-platform/pkg/logger/logger.go:80.49,82.2 1 0
github.com/surahman/mcq-platform/pkg/logger/logger.go:85.49,87.2 1 0
github.com/surahman/mcq-platform/pkg/logger/logger.go:90.147,92.53 2 0
github.com/surahman/mcq-platform/pkg/logger/logger.go:95.2,95.55 1 0
github.com/surahman/mcq-platform/pkg/logger/logger.go:98.2,98.8 1 0
github.com/surahman/mcq-platform/pkg/logger/logger.go:92.53,94.3 1 0
github.com/surahman/mcq-platform/pkg/logger/logger.go:95.55,97.3 1 0
github.com/surahman/mcq-platform/cmd/main.go:3.14,5.2 0 0
github.com/surahman/mcq-platform/pkg/config/testdata.go:4.50,107.2 10 0
github.com/surahman/mcq-platform/pkg/config/testdata.go:110.47,150.2 7 0
github.com/surahman/mcq-platform/pkg/validator/validator.go:18.39,20.2 1 7
github.com/surahman/mcq-platform/pkg/validator/validator.go:28.44,30.34 2 3
github.com/surahman/mcq-platform/pkg/validator/validator.go:33.2,33.24 1 3
github.com/surahman/mcq-platform/pkg/validator/validator.go:30.34,32.3 1 3
github.com/surahman/mcq-platform/pkg/validator/validator.go:39.37,41.53 2 6
github.com/surahman/mcq-platform/pkg/validator/validator.go:50.2,50.33 1 6
github.com/surahman/mcq-platform/pkg/validator/validator.go:53.2,53.23 1 5
github.com/surahman/mcq-platform/pkg/validator/validator.go:41.53,42.58 1 5
github.com/surahman/mcq-platform/pkg/validator/validator.go:42.58,48.4 5 7
github.com/surahman/mcq-platform/pkg/validator/validator.go:50.33,52.3 1 1
github.com/surahman/mcq-platform/pkg/config/constants.go:18.25,20.2 1 0
github.com/surahman/mcq-platform/pkg/config/constants.go:23.26,25.2 1 0
github.com/surahman/mcq-platform/pkg/config/constants.go:28.36,30.2 1 0
github.com/surahman/mcq-platform/pkg/config/constants.go:33.33,35.2 1 0
github.com/surahman/mcq-platform/pkg/config/config.go:26.48,27.20 1 0
github.com/surahman/mcq-platform/pkg/config/config.go:28.17,29.35 1 0
github.com/surahman/mcq-platform/pkg/config/config.go:30.14,31.32 1 0
github.com/surahman/mcq-platform/pkg/config/config.go:32.10,33.57 1 0
github.com/surahman/mcq-platform/pkg/config/constants.go:18.25,20.2 1 0
github.com/surahman/mcq-platform/pkg/config/constants.go:23.26,25.2 1 0
github.com/surahman/mcq-platform/pkg/config/constants.go:28.36,30.2 1 0
github.com/surahman/mcq-platform/pkg/config/constants.go:33.33,35.2 1 0
github.com/surahman/mcq-platform/pkg/config/testdata.go:4.50,107.2 10 0
github.com/surahman/mcq-platform/pkg/config/testdata.go:110.47,150.2 7 0
github.com/surahman/mcq-platform/pkg/config/zap.go:42.35,44.2 1 0
github.com/surahman/mcq-platform/pkg/config/zap.go:47.53,56.56 8 0
github.com/surahman/mcq-platform/pkg/config/zap.go:59.2,59.64 1 0
github.com/surahman/mcq-platform/pkg/config/zap.go:63.2,63.44 1 0
github.com/surahman/mcq-platform/pkg/config/zap.go:67.2,67.44 1 0
github.com/surahman/mcq-platform/pkg/config/zap.go:71.2,71.53 1 0
github.com/surahman/mcq-platform/pkg/config/zap.go:75.2,75.8 1 0
github.com/surahman/mcq-platform/pkg/config/zap.go:56.56,58.3 1 0
github.com/surahman/mcq-platform/pkg/config/zap.go:59.64,61.3 1 0
github.com/surahman/mcq-platform/pkg/config/zap.go:63.44,65.3 1 0
github.com/surahman/mcq-platform/pkg/config/zap.go:67.44,69.3 1 0
github.com/surahman/mcq-platform/pkg/config/zap.go:71.53,73.3 1 0
github.com/surahman/mcq-platform/cmd/main.go:3.14,5.2 0 0
github.com/surahman/mcq-platform/pkg/validator/validator.go:18.39,20.2 1 0
github.com/surahman/mcq-platform/pkg/validator/validator.go:28.44,30.34 2 0
github.com/surahman/mcq-platform/pkg/validator/validator.go:33.2,33.24 1 0
github.com/surahman/mcq-platform/pkg/validator/validator.go:30.34,32.3 1 0
github.com/surahman/mcq-platform/pkg/validator/validator.go:39.37,41.53 2 0
github.com/surahman/mcq-platform/pkg/validator/validator.go:50.2,50.33 1 0
github.com/surahman/mcq-platform/pkg/validator/validator.go:53.2,53.23 1 0
github.com/surahman/mcq-platform/pkg/validator/validator.go:41.53,42.58 1 0
github.com/surahman/mcq-platform/pkg/validator/validator.go:42.58,48.4 5 0
github.com/surahman/mcq-platform/pkg/validator/validator.go:50.33,52.3 1 0
github.com/surahman/mcq-platform/pkg/logger/logger.go:15.25,21.2 5 0
github.com/surahman/mcq-platform/pkg/logger/logger.go:33.2,33.34 1 0
github.com/surahman/mcq-platform/pkg/logger/logger.go:45.2,45.41 1 0
github.com/surahman/mcq-platform/pkg/logger/logger.go:56.2,56.113 1 0
github.com/surahman/mcq-platform/pkg/logger/logger.go:59.2,59.123 1 0
github.com/surahman/mcq-platform/pkg/logger/logger.go:63.2,64.73 2 0
github.com/surahman/mcq-platform/pkg/logger/logger.go:21.2,23.17 2 0
github.com/surahman/mcq-platform/pkg/logger/logger.go:26.3,27.38 2 0
github.com/surahman/mcq-platform/pkg/logger/logger.go:23.17,25.4 1 0
github.com/surahman/mcq-platform/pkg/logger/logger.go:27.38,29.4 1 0
github.com/surahman/mcq-platform/pkg/logger/logger.go:34.21,36.8 2 0
github.com/surahman/mcq-platform/pkg/logger/logger.go:37.20,39.8 2 0
github.com/surahman/mcq-platform/pkg/logger/logger.go:40.10,41.53 1 0
github.com/surahman/mcq-platform/pkg/logger/logger.go:46.21,48.8 2 0
github.com/surahman/mcq-platform/pkg/logger/logger.go:49.20,51.8 2 0
github.com/surahman/mcq-platform/pkg/logger/logger.go:52.10,53.61 1 0
github.com/surahman/mcq-platform/pkg/logger/logger.go:56.113,58.3 1 0
github.com/surahman/mcq-platform/pkg/logger/logger.go:59.123,61.3 1 0
github.com/surahman/mcq-platform/pkg/logger/logger.go:64.73,66.3 1 0
github.com/surahman/mcq-platform/pkg/logger/logger.go:70.48,72.2 1 0
github.com/surahman/mcq-platform/pkg/logger/logger.go:75.49,77.2 1 0
github.com/surahman/mcq-platform/pkg/logger/logger.go:80.49,82.2 1 0
github.com/surahman/mcq-platform/pkg/logger/logger.go:85.49,87.2 1 0
github.com/surahman/mcq-platform/pkg/logger/logger.go:90.147,92.53 2 2
github.com/surahman/mcq-platform/pkg/logger/logger.go:95.2,95.55 1 2
github.com/surahman/mcq-platform/pkg/logger/logger.go:98.2,98.8 1 2
github.com/surahman/mcq-platform/pkg/logger/logger.go:92.53,94.3 1 0
github.com/surahman/mcq-platform/pkg/logger/logger.go:95.55,97.3 1 0
github.com/surahman/mcq-platform/pkg/config/cassandra.go:32.44,34.2 1 0
github.com/surahman/mcq-platform/pkg/config/cassandra.go:37.59,48.44 9 0
github.com/surahman/mcq-platform/pkg/config/cassandra.go:52.2,52.44 1 0
github.com/surahman/mcq-platform/pkg/config/cassandra.go:56.2,56.53 1 0
github.com/surahman/mcq-platform/pkg/config/cassandra.go:60.2,60.12 1 0
github.com/surahman/mcq-platform/pkg/config/cassandra.go:48.44,50.3 1 0
github.com/surahman/mcq-platform/pkg/config/cassandra.go:52.44,54.3 1 0
github.com/surahman/mcq-platform/pkg/config/cassandra.go:56.53,58.3 1 0
github.com/surahman/mcq-platform/pkg/validator/validator.go:18.39,20.2 1 0
github.com/surahman/mcq-platform/pkg/validator/validator.go:28.44,30.34 2 0
github.com/surahman/mcq-platform/pkg/validator/validator.go:33.2,33.24 1 0
github.com/surahman/mcq-platform/pkg/validator/validator.go:30.34,32.3 1 0
github.com/surahman/mcq-platform/pkg/validator/validator.go:39.37,41.53 2 17
github.com/surahman/mcq-platform/pkg/validator/validator.go:50.2,50.33 1 17
github.com/surahman/mcq-platform/pkg/validator/validator.go:53.2,53.23 1 9
github.com/surahman/mcq-platform/pkg/validator/validator.go:41.53,42.58 1 9
github.com/surahman/mcq-platform/pkg/validator/validator.go:42.58,48.4 5 18
github.com/surahman/mcq-platform/pkg/validator/validator.go:50.33,52.3 1 8
github.com/surahman/mcq-platform/pkg/config/config.go:26.48,27.20 1 3
github.com/surahman/mcq-platform/pkg/config/config.go:28.17,29.35 1 1
github.com/surahman/mcq-platform/pkg/config/config.go:30.14,31.32 1 1
github.com/surahman/mcq-platform/pkg/config/config.go:32.10,33.57 1 1
github.com/surahman/mcq-platform/pkg/config/constants.go:18.25,20.2 1 0
github.com/surahman/mcq-platform/pkg/config/constants.go:23.26,25.2 1 0
github.com/surahman/mcq-platform/pkg/config/constants.go:28.36,30.2 1 0
github.com/surahman/mcq-platform/pkg/config/constants.go:33.33,35.2 1 8
github.com/surahman/mcq-platform/pkg/config/zap.go:42.35,44.2 1 1
github.com/surahman/mcq-platform/pkg/config/zap.go:47.53,56.56 8 8
github.com/surahman/mcq-platform/pkg/config/zap.go:59.2,59.64 1 8
github.com/surahman/mcq-platform/pkg/config/zap.go:63.2,63.44 1 8
github.com/surahman/mcq-platform/pkg/config/zap.go:67.2,67.44 1 8
github.com/surahman/mcq-platform/pkg/config/zap.go:71.2,71.53 1 8
github.com/surahman/mcq-platform/pkg/config/zap.go:75.2,75.8 1 6
github.com/surahman/mcq-platform/pkg/config/zap.go:56.56,58.3 1 0
github.com/surahman/mcq-platform/pkg/config/zap.go:59.64,61.3 1 0
github.com/surahman/mcq-platform/pkg/config/zap.go:63.44,65.3 1 0
github.com/surahman/mcq-platform/pkg/config/zap.go:67.44,69.3 1 0
github.com/surahman/mcq-platform/pkg/config/zap.go:71.53,73.3 1 2
github.com/surahman/mcq-platform/cmd/main.go:3.14,5.2 0 0
github.com/surahman/mcq-platform/pkg/logger/logger.go:15.25,21.2 5 0
github.com/surahman/mcq-platform/pkg/logger/logger.go:33.2,33.34 1 0
github.com/surahman/mcq-platform/pkg/logger/logger.go:45.2,45.41 1 0
github.com/surahman/mcq-platform/pkg/logger/logger.go:56.2,56.113 1 0
github.com/surahman/mcq-platform/pkg/logger/logger.go:59.2,59.123 1 0
github.com/surahman/mcq-platform/pkg/logger/logger.go:63.2,64.73 2 0
github.com/surahman/mcq-platform/pkg/logger/logger.go:21.2,23.17 2 0
github.com/surahman/mcq-platform/pkg/logger/logger.go:26.3,27.38 2 0
github.com/surahman/mcq-platform/pkg/logger/logger.go:23.17,25.4 1 0
github.com/surahman/mcq-platform/pkg/logger/logger.go:27.38,29.4 1 0
github.com/surahman/mcq-platform/pkg/logger/logger.go:34.21,36.8 2 0
github.com/surahman/mcq-platform/pkg/logger/logger.go:37.20,39.8 2 0
github.com/surahman/mcq-platform/pkg/logger/logger.go:40.10,41.53 1 0
github.com/surahman/mcq-platform/pkg/logger/logger.go:46.21,48.8 2 0
github.com/surahman/mcq-platform/pkg/logger/logger.go:49.20,51.8 2 0
github.com/surahman/mcq-platform/pkg/logger/logger.go:52.10,53.61 1 0
github.com/surahman/mcq-platform/pkg/logger/logger.go:56.113,58.3 1 0
github.com/surahman/mcq-platform/pkg/logger/logger.go:59.123,61.3 1 0
github.com/surahman/mcq-platform/pkg/logger/logger.go:64.73,66.3 1 0
github.com/surahman/mcq-platform/pkg/logger/logger.go:70.48,72.2 1 0
github.com/surahman/mcq-platform/pkg/logger/logger.go:75.49,77.2 1 0
github.com/surahman/mcq-platform/pkg/logger/logger.go:80.49,82.2 1 0
github.com/surahman/mcq-platform/pkg/logger/logger.go:85.49,87.2 1 0
github.com/surahman/mcq-platform/pkg/logger/logger.go:90.147,92.53 2 0
github.com/surahman/mcq-platform/pkg/logger/logger.go:95.2,95.55 1 0
github.com/surahman/mcq-platform/pkg/logger/logger.go:98.2,98.8 1 0
github.com/surahman/mcq-platform/pkg/logger/logger.go:92.53,94.3 1 0
github.com/surahman/mcq-platform/pkg/logger/logger.go:95.55,97.3 1 0
github.com/surahman/mcq-platform/pkg/config/cassandra.go:32.44,34.2 1 1
github.com/surahman/mcq-platform/pkg/config/cassandra.go:37.59,48.44 9 9
github.com/surahman/mcq-platform/pkg/config/cassandra.go:52.2,52.44 1 9
github.com/surahman/mcq-platform/pkg/config/cassandra.go:56.2,56.53 1 9
github.com/surahman/mcq-platform/pkg/config/cassandra.go:60.2,60.12 1 2
github.com/surahman/mcq-platform/pkg/config/cassandra.go:48.44,50.3 1 0
github.com/surahman/mcq-platform/pkg/config/cassandra.go:52.44,54.3 1 0
github.com/surahman/mcq-platform/pkg/config/cassandra.go:56.53,58.3 1 7
github.com/surahman/mcq-platform/pkg/config/testdata.go:4.50,107.2 10 1
github.com/surahman/mcq-platform/pkg/config/testdata.go:110.47,150.2 7 1
